<?xml version="1.0" encoding="UTF-8"?>
<!-- Generated by org.testng.reporters.JUnitXMLReporter -->
<testsuite hostname="LP0948" ignored="0" name="Default test" tests="3" failures="0" timestamp="10 jun 2019 17:31:17 GMT" time="6.803" errors="0">
  <testcase name="testInsercao" time="2.398" classname="org.br.curso.tests.DBTests"/>
  <testcase name="testAtualizacao" time="0.266" classname="org.br.curso.tests.DBTests"/>
  <testcase name="testExclusao" time="0.186" classname="org.br.curso.tests.DBTests"/>
</testsuite> <!-- Default test -->
